[2020-04-18 07:41:13] local.ERROR: Symfony\Component\Debug\Exception\FatalErrorException: Illuminate\Routing\Router::loadRoutes(): Failed opening required '/Applications/XAMPP/xamppfiles/htdocs/hotelbooking/routes/api/user.php' (include_path='.:') in /Applications/XAMPP/xamppfiles/htdocs/hotelbooking/vendor/laravel/framework/src/Illuminate/Routing/Router.php:327
Stack trace:
#0 {main}  
[2020-04-18 07:58:36] local.ERROR: Symfony\Component\Debug\Exception\FatalErrorException: Illuminate\Routing\Router::loadRoutes(): Failed opening required '/Applications/XAMPP/xamppfiles/htdocs/hotelbooking/routes/api/user.php' (include_path='.:/Applications/XAMPP/xamppfiles/lib/php') in /Applications/XAMPP/xamppfiles/htdocs/hotelbooking/vendor/laravel/framework/src/Illuminate/Routing/Router.php:327
Stack trace:
#0 {main}  
[2020-04-18 08:06:21] local.ERROR: LogicException: Key path "file:///Applications/XAMPP/xamppfiles/htdocs/hotelbooking/storage/oauth-public.key" does not exist or is not readable in /Applications/XAMPP/xamppfiles/htdocs/hotelbooking/vendor/league/oauth2-server/src/CryptKey.php:44
Stack trace:
#0 /Applications/XAMPP/xamppfiles/htdocs/hotelbooking/vendor/league/oauth2-server/src/ResourceServer.php(50): League\OAuth2\Server\CryptKey->__construct('file:///Applica...')
#1 /Applications/XAMPP/xamppfiles/htdocs/hotelbooking/vendor/laravel/passport/src/PassportServiceProvider.php(217): League\OAuth2\Server\ResourceServer->__construct(Object(Laravel\Passport\Bridge\AccessTokenRepository), 'file:///Applica...')
#2 /Applications/XAMPP/xamppfiles/htdocs/hotelbooking/vendor/laravel/framework/src/Illuminate/Container/Container.php(726): Laravel\Passport\PassportServiceProvider->Laravel\Passport\{closure}(Object(Illuminate\Foundation\Application), Array)
#3 /Applications/XAMPP/xamppfiles/htdocs/hotelbooking/vendor/laravel/framework/src/Illuminate/Container/Container.php(608): Illuminate\Container\Container->build(Object(Closure))
#4 /Applications/XAMPP/xamppfiles/htdocs/hotelbooking/vendor/laravel/framework/src/Illuminate/Container/Container.php(575): Illuminate\Container\Container->resolve('League\\OAuth2\\S...')
#5 /Applications/XAMPP/xamppfiles/htdocs/hotelbooking/vendor/laravel/framework/src/Illuminate/Foundation/Application.php(728): Illuminate\Container\Container->make('League\\OAuth2\\S...')
#6 /Applications/XAMPP/xamppfiles/htdocs/hotelbooking/vendor/laravel/framework/src/Illuminate/Container/Container.php(862): Illuminate\Foundation\Application->make('League\\OAuth2\\S...')
#7 /Applications/XAMPP/xamppfiles/htdocs/hotelbooking/vendor/laravel/framework/src/Illuminate/Container/Container.php(790): Illuminate\Container\Container->resolveClass(Object(ReflectionParameter))
#8 /Applications/XAMPP/xamppfiles/htdocs/hotelbooking/vendor/laravel/framework/src/Illuminate/Container/Container.php(757): Illuminate\Container\Container->resolveDependencies(Array)
#9 /Applications/XAMPP/xamppfiles/htdocs/hotelbooking/vendor/laravel/framework/src/Illuminate/Container/Container.php(608): Illuminate\Container\Container->build('App\\Http\\Middle...')
#10 /Applications/XAMPP/xamppfiles/htdocs/hotelbooking/vendor/laravel/framework/src/Illuminate/Container/Container.php(575): Illuminate\Container\Container->resolve('App\\Http\\Middle...')
#11 /Applications/XAMPP/xamppfiles/htdocs/hotelbooking/vendor/laravel/framework/src/Illuminate/Foundation/Application.php(728): Illuminate\Container\Container->make('App\\Http\\Middle...')
#12 /Applications/XAMPP/xamppfiles/htdocs/hotelbooking/vendor/laravel/framework/src/Illuminate/Pipeline/Pipeline.php(138): Illuminate\Foundation\Application->make('App\\Http\\Middle...')
#13 /Applications/XAMPP/xamppfiles/htdocs/hotelbooking/vendor/laravel/framework/src/Illuminate/Routing/Pipeline.php(53): Illuminate\Pipeline\Pipeline->Illuminate\Pipeline\{closure}(Object(Illuminate\Http\Request))
#14 /Applications/XAMPP/xamppfiles/htdocs/hotelbooking/vendor/laravel/framework/src/Illuminate/Foundation/Http/Middleware/TransformsRequest.php(30): Illuminate\Routing\Pipeline->Illuminate\Routing\{closure}(Object(Illuminate\Http\Request))
#15 /Applications/XAMPP/xamppfiles/htdocs/hotelbooking/vendor/laravel/framework/src/Illuminate/Pipeline/Pipeline.php(148): Illuminate\Foundation\Http\Middleware\TransformsRequest->handle(Object(Illuminate\Http\Request), Object(Closure))
#16 /Applications/XAMPP/xamppfiles/htdocs/hotelbooking/vendor/laravel/framework/src/Illuminate/Routing/Pipeline.php(53): Illuminate\Pipeline\Pipeline->Illuminate\Pipeline\{closure}(Object(Illuminate\Http\Request))
#17 /Applications/XAMPP/xamppfiles/htdocs/hotelbooking/vendor/laravel/framework/src/Illuminate/Foundation/Http/Middleware/TransformsRequest.php(30): Illuminate\Routing\Pipeline->Illuminate\Routing\{closure}(Object(Illuminate\Http\Request))
#18 /Applications/XAMPP/xamppfiles/htdocs/hotelbooking/vendor/laravel/framework/src/Illuminate/Pipeline/Pipeline.php(148): Illuminate\Foundation\Http\Middleware\TransformsRequest->handle(Object(Illuminate\Http\Request), Object(Closure))
#19 /Applications/XAMPP/xamppfiles/htdocs/hotelbooking/vendor/laravel/framework/src/Illuminate/Routing/Pipeline.php(53): Illuminate\Pipeline\Pipeline->Illuminate\Pipeline\{closure}(Object(Illuminate\Http\Request))
#20 /Applications/XAMPP/xamppfiles/htdocs/hotelbooking/vendor/laravel/framework/src/Illuminate/Foundation/Http/Middleware/ValidatePostSize.php(27): Illuminate\Routing\Pipeline->Illuminate\Routing\{closure}(Object(Illuminate\Http\Request))
#21 /Applications/XAMPP/xamppfiles/htdocs/hotelbooking/vendor/laravel/framework/src/Illuminate/Pipeline/Pipeline.php(148): Illuminate\Foundation\Http\Middleware\ValidatePostSize->handle(Object(Illuminate\Http\Request), Object(Closure))
#22 /Applications/XAMPP/xamppfiles/htdocs/hotelbooking/vendor/laravel/framework/src/Illuminate/Routing/Pipeline.php(53): Illuminate\Pipeline\Pipeline->Illuminate\Pipeline\{closure}(Object(Illuminate\Http\Request))
#23 /Applications/XAMPP/xamppfiles/htdocs/hotelbooking/vendor/laravel/framework/src/Illuminate/Foundation/Http/Middleware/CheckForMaintenanceMode.php(46): Illuminate\Routing\Pipeline->Illuminate\Routing\{closure}(Object(Illuminate\Http\Request))
#24 /Applications/XAMPP/xamppfiles/htdocs/hotelbooking/vendor/laravel/framework/src/Illuminate/Pipeline/Pipeline.php(148): Illuminate\Foundation\Http\Middleware\CheckForMaintenanceMode->handle(Object(Illuminate\Http\Request), Object(Closure))
#25 /Applications/XAMPP/xamppfiles/htdocs/hotelbooking/vendor/laravel/framework/src/Illuminate/Routing/Pipeline.php(53): Illuminate\Pipeline\Pipeline->Illuminate\Pipeline\{closure}(Object(Illuminate\Http\Request))
#26 /Applications/XAMPP/xamppfiles/htdocs/hotelbooking/vendor/laravel/framework/src/Illuminate/Pipeline/Pipeline.php(102): Illuminate\Routing\Pipeline->Illuminate\Routing\{closure}(Object(Illuminate\Http\Request))
#27 /Applications/XAMPP/xamppfiles/htdocs/hotelbooking/vendor/laravel/framework/src/Illuminate/Foundation/Http/Kernel.php(151): Illuminate\Pipeline\Pipeline->then(Object(Closure))
#28 /Applications/XAMPP/xamppfiles/htdocs/hotelbooking/vendor/laravel/framework/src/Illuminate/Foundation/Http/Kernel.php(116): Illuminate\Foundation\Http\Kernel->sendRequestThroughRouter(Object(Illuminate\Http\Request))
#29 /Applications/XAMPP/xamppfiles/htdocs/hotelbooking/public/index.php(53): Illuminate\Foundation\Http\Kernel->handle(Object(Illuminate\Http\Request))
#30 {main}  
[2020-04-18 08:06:21] local.ERROR: LogicException: Key path "file:///Applications/XAMPP/xamppfiles/htdocs/hotelbooking/storage/oauth-public.key" does not exist or is not readable in /Applications/XAMPP/xamppfiles/htdocs/hotelbooking/vendor/league/oauth2-server/src/CryptKey.php:44
Stack trace:
#0 /Applications/XAMPP/xamppfiles/htdocs/hotelbooking/vendor/league/oauth2-server/src/ResourceServer.php(50): League\OAuth2\Server\CryptKey->__construct('file:///Applica...')
#1 /Applications/XAMPP/xamppfiles/htdocs/hotelbooking/vendor/laravel/passport/src/PassportServiceProvider.php(217): League\OAuth2\Server\ResourceServer->__construct(Object(Laravel\Passport\Bridge\AccessTokenRepository), 'file:///Applica...')
#2 /Applications/XAMPP/xamppfiles/htdocs/hotelbooking/vendor/laravel/framework/src/Illuminate/Container/Container.php(726): Laravel\Passport\PassportServiceProvider->Laravel\Passport\{closure}(Object(Illuminate\Foundation\Application), Array)
#3 /Applications/XAMPP/xamppfiles/htdocs/hotelbooking/vendor/laravel/framework/src/Illuminate/Container/Container.php(608): Illuminate\Container\Container->build(Object(Closure))
#4 /Applications/XAMPP/xamppfiles/htdocs/hotelbooking/vendor/laravel/framework/src/Illuminate/Container/Container.php(575): Illuminate\Container\Container->resolve('League\\OAuth2\\S...')
#5 /Applications/XAMPP/xamppfiles/htdocs/hotelbooking/vendor/laravel/framework/src/Illuminate/Foundation/Application.php(728): Illuminate\Container\Container->make('League\\OAuth2\\S...')
#6 /Applications/XAMPP/xamppfiles/htdocs/hotelbooking/vendor/laravel/framework/src/Illuminate/Container/Container.php(862): Illuminate\Foundation\Application->make('League\\OAuth2\\S...')
#7 /Applications/XAMPP/xamppfiles/htdocs/hotelbooking/vendor/laravel/framework/src/Illuminate/Container/Container.php(790): Illuminate\Container\Container->resolveClass(Object(ReflectionParameter))
#8 /Applications/XAMPP/xamppfiles/htdocs/hotelbooking/vendor/laravel/framework/src/Illuminate/Container/Container.php(757): Illuminate\Container\Container->resolveDependencies(Array)
#9 /Applications/XAMPP/xamppfiles/htdocs/hotelbooking/vendor/laravel/framework/src/Illuminate/Container/Container.php(608): Illuminate\Container\Container->build('App\\Http\\Middle...')
#10 /Applications/XAMPP/xamppfiles/htdocs/hotelbooking/vendor/laravel/framework/src/Illuminate/Container/Container.php(575): Illuminate\Container\Container->resolve('App\\Http\\Middle...')
#11 /Applications/XAMPP/xamppfiles/htdocs/hotelbooking/vendor/laravel/framework/src/Illuminate/Foundation/Application.php(728): Illuminate\Container\Container->make('App\\Http\\Middle...')
#12 /Applications/XAMPP/xamppfiles/htdocs/hotelbooking/vendor/laravel/framework/src/Illuminate/Foundation/Http/Kernel.php(215): Illuminate\Foundation\Application->make('App\\Http\\Middle...')
#13 /Applications/XAMPP/xamppfiles/htdocs/hotelbooking/vendor/laravel/framework/src/Illuminate/Foundation/Http/Kernel.php(189): Illuminate\Foundation\Http\Kernel->terminateMiddleware(Object(Illuminate\Http\Request), Object(Illuminate\Http\Response))
#14 /Applications/XAMPP/xamppfiles/htdocs/hotelbooking/public/index.php(58): Illuminate\Foundation\Http\Kernel->terminate(Object(Illuminate\Http\Request), Object(Illuminate\Http\Response))
#15 {main}  
[2020-04-18 08:13:24] local.ERROR: LogicException: Key path "file:///Applications/XAMPP/xamppfiles/htdocs/hotelbooking/storage/oauth-public.key" does not exist or is not readable in /Applications/XAMPP/xamppfiles/htdocs/hotelbooking/vendor/league/oauth2-server/src/CryptKey.php:44
Stack trace:
#0 /Applications/XAMPP/xamppfiles/htdocs/hotelbooking/vendor/league/oauth2-server/src/ResourceServer.php(50): League\OAuth2\Server\CryptKey->__construct('file:///Applica...')
#1 /Applications/XAMPP/xamppfiles/htdocs/hotelbooking/vendor/laravel/passport/src/PassportServiceProvider.php(217): League\OAuth2\Server\ResourceServer->__construct(Object(Laravel\Passport\Bridge\AccessTokenRepository), 'file:///Applica...')
#2 /Applications/XAMPP/xamppfiles/htdocs/hotelbooking/vendor/laravel/framework/src/Illuminate/Container/Container.php(726): Laravel\Passport\PassportServiceProvider->Laravel\Passport\{closure}(Object(Illuminate\Foundation\Application), Array)
#3 /Applications/XAMPP/xamppfiles/htdocs/hotelbooking/vendor/laravel/framework/src/Illuminate/Container/Container.php(608): Illuminate\Container\Container->build(Object(Closure))
#4 /Applications/XAMPP/xamppfiles/htdocs/hotelbooking/vendor/laravel/framework/src/Illuminate/Container/Container.php(575): Illuminate\Container\Container->resolve('League\\OAuth2\\S...')
#5 /Applications/XAMPP/xamppfiles/htdocs/hotelbooking/vendor/laravel/framework/src/Illuminate/Foundation/Application.php(728): Illuminate\Container\Container->make('League\\OAuth2\\S...')
#6 /Applications/XAMPP/xamppfiles/htdocs/hotelbooking/vendor/laravel/framework/src/Illuminate/Container/Container.php(862): Illuminate\Foundation\Application->make('League\\OAuth2\\S...')
#7 /Applications/XAMPP/xamppfiles/htdocs/hotelbooking/vendor/laravel/framework/src/Illuminate/Container/Container.php(790): Illuminate\Container\Container->resolveClass(Object(ReflectionParameter))
#8 /Applications/XAMPP/xamppfiles/htdocs/hotelbooking/vendor/laravel/framework/src/Illuminate/Container/Container.php(757): Illuminate\Container\Container->resolveDependencies(Array)
#9 /Applications/XAMPP/xamppfiles/htdocs/hotelbooking/vendor/laravel/framework/src/Illuminate/Container/Container.php(608): Illuminate\Container\Container->build('App\\Http\\Middle...')
#10 /Applications/XAMPP/xamppfiles/htdocs/hotelbooking/vendor/laravel/framework/src/Illuminate/Container/Container.php(575): Illuminate\Container\Container->resolve('App\\Http\\Middle...')
#11 /Applications/XAMPP/xamppfiles/htdocs/hotelbooking/vendor/laravel/framework/src/Illuminate/Foundation/Application.php(728): Illuminate\Container\Container->make('App\\Http\\Middle...')
#12 /Applications/XAMPP/xamppfiles/htdocs/hotelbooking/vendor/laravel/framework/src/Illuminate/Pipeline/Pipeline.php(138): Illuminate\Foundation\Application->make('App\\Http\\Middle...')
#13 /Applications/XAMPP/xamppfiles/htdocs/hotelbooking/vendor/laravel/framework/src/Illuminate/Routing/Pipeline.php(53): Illuminate\Pipeline\Pipeline->Illuminate\Pipeline\{closure}(Object(Illuminate\Http\Request))
#14 /Applications/XAMPP/xamppfiles/htdocs/hotelbooking/vendor/laravel/framework/src/Illuminate/Foundation/Http/Middleware/TransformsRequest.php(30): Illuminate\Routing\Pipeline->Illuminate\Routing\{closure}(Object(Illuminate\Http\Request))
#15 /Applications/XAMPP/xamppfiles/htdocs/hotelbooking/vendor/laravel/framework/src/Illuminate/Pipeline/Pipeline.php(148): Illuminate\Foundation\Http\Middleware\TransformsRequest->handle(Object(Illuminate\Http\Request), Object(Closure))
#16 /Applications/XAMPP/xamppfiles/htdocs/hotelbooking/vendor/laravel/framework/src/Illuminate/Routing/Pipeline.php(53): Illuminate\Pipeline\Pipeline->Illuminate\Pipeline\{closure}(Object(Illuminate\Http\Request))
#17 /Applications/XAMPP/xamppfiles/htdocs/hotelbooking/vendor/laravel/framework/src/Illuminate/Foundation/Http/Middleware/TransformsRequest.php(30): Illuminate\Routing\Pipeline->Illuminate\Routing\{closure}(Object(Illuminate\Http\Request))
#18 /Applications/XAMPP/xamppfiles/htdocs/hotelbooking/vendor/laravel/framework/src/Illuminate/Pipeline/Pipeline.php(148): Illuminate\Foundation\Http\Middleware\TransformsRequest->handle(Object(Illuminate\Http\Request), Object(Closure))
#19 /Applications/XAMPP/xamppfiles/htdocs/hotelbooking/vendor/laravel/framework/src/Illuminate/Routing/Pipeline.php(53): Illuminate\Pipeline\Pipeline->Illuminate\Pipeline\{closure}(Object(Illuminate\Http\Request))
#20 /Applications/XAMPP/xamppfiles/htdocs/hotelbooking/vendor/laravel/framework/src/Illuminate/Foundation/Http/Middleware/ValidatePostSize.php(27): Illuminate\Routing\Pipeline->Illuminate\Routing\{closure}(Object(Illuminate\Http\Request))
#21 /Applications/XAMPP/xamppfiles/htdocs/hotelbooking/vendor/laravel/framework/src/Illuminate/Pipeline/Pipeline.php(148): Illuminate\Foundation\Http\Middleware\ValidatePostSize->handle(Object(Illuminate\Http\Request), Object(Closure))
#22 /Applications/XAMPP/xamppfiles/htdocs/hotelbooking/vendor/laravel/framework/src/Illuminate/Routing/Pipeline.php(53): Illuminate\Pipeline\Pipeline->Illuminate\Pipeline\{closure}(Object(Illuminate\Http\Request))
#23 /Applications/XAMPP/xamppfiles/htdocs/hotelbooking/vendor/laravel/framework/src/Illuminate/Foundation/Http/Middleware/CheckForMaintenanceMode.php(46): Illuminate\Routing\Pipeline->Illuminate\Routing\{closure}(Object(Illuminate\Http\Request))
#24 /Applications/XAMPP/xamppfiles/htdocs/hotelbooking/vendor/laravel/framework/src/Illuminate/Pipeline/Pipeline.php(148): Illuminate\Foundation\Http\Middleware\CheckForMaintenanceMode->handle(Object(Illuminate\Http\Request), Object(Closure))
#25 /Applications/XAMPP/xamppfiles/htdocs/hotelbooking/vendor/laravel/framework/src/Illuminate/Routing/Pipeline.php(53): Illuminate\Pipeline\Pipeline->Illuminate\Pipeline\{closure}(Object(Illuminate\Http\Request))
#26 /Applications/XAMPP/xamppfiles/htdocs/hotelbooking/vendor/laravel/framework/src/Illuminate/Pipeline/Pipeline.php(102): Illuminate\Routing\Pipeline->Illuminate\Routing\{closure}(Object(Illuminate\Http\Request))
#27 /Applications/XAMPP/xamppfiles/htdocs/hotelbooking/vendor/laravel/framework/src/Illuminate/Foundation/Http/Kernel.php(151): Illuminate\Pipeline\Pipeline->then(Object(Closure))
#28 /Applications/XAMPP/xamppfiles/htdocs/hotelbooking/vendor/laravel/framework/src/Illuminate/Foundation/Http/Kernel.php(116): Illuminate\Foundation\Http\Kernel->sendRequestThroughRouter(Object(Illuminate\Http\Request))
#29 /Applications/XAMPP/xamppfiles/htdocs/hotelbooking/public/index.php(53): Illuminate\Foundation\Http\Kernel->handle(Object(Illuminate\Http\Request))
#30 {main}  
[2020-04-18 08:13:24] local.ERROR: LogicException: Key path "file:///Applications/XAMPP/xamppfiles/htdocs/hotelbooking/storage/oauth-public.key" does not exist or is not readable in /Applications/XAMPP/xamppfiles/htdocs/hotelbooking/vendor/league/oauth2-server/src/CryptKey.php:44
Stack trace:
#0 /Applications/XAMPP/xamppfiles/htdocs/hotelbooking/vendor/league/oauth2-server/src/ResourceServer.php(50): League\OAuth2\Server\CryptKey->__construct('file:///Applica...')
#1 /Applications/XAMPP/xamppfiles/htdocs/hotelbooking/vendor/laravel/passport/src/PassportServiceProvider.php(217): League\OAuth2\Server\ResourceServer->__construct(Object(Laravel\Passport\Bridge\AccessTokenRepository), 'file:///Applica...')
#2 /Applications/XAMPP/xamppfiles/htdocs/hotelbooking/vendor/laravel/framework/src/Illuminate/Container/Container.php(726): Laravel\Passport\PassportServiceProvider->Laravel\Passport\{closure}(Object(Illuminate\Foundation\Application), Array)
#3 /Applications/XAMPP/xamppfiles/htdocs/hotelbooking/vendor/laravel/framework/src/Illuminate/Container/Container.php(608): Illuminate\Container\Container->build(Object(Closure))
#4 /Applications/XAMPP/xamppfiles/htdocs/hotelbooking/vendor/laravel/framework/src/Illuminate/Container/Container.php(575): Illuminate\Container\Container->resolve('League\\OAuth2\\S...')
#5 /Applications/XAMPP/xamppfiles/htdocs/hotelbooking/vendor/laravel/framework/src/Illuminate/Foundation/Application.php(728): Illuminate\Container\Container->make('League\\OAuth2\\S...')
#6 /Applications/XAMPP/xamppfiles/htdocs/hotelbooking/vendor/laravel/framework/src/Illuminate/Container/Container.php(862): Illuminate\Foundation\Application->make('League\\OAuth2\\S...')
#7 /Applications/XAMPP/xamppfiles/htdocs/hotelbooking/vendor/laravel/framework/src/Illuminate/Container/Container.php(790): Illuminate\Container\Container->resolveClass(Object(ReflectionParameter))
#8 /Applications/XAMPP/xamppfiles/htdocs/hotelbooking/vendor/laravel/framework/src/Illuminate/Container/Container.php(757): Illuminate\Container\Container->resolveDependencies(Array)
#9 /Applications/XAMPP/xamppfiles/htdocs/hotelbooking/vendor/laravel/framework/src/Illuminate/Container/Container.php(608): Illuminate\Container\Container->build('App\\Http\\Middle...')
#10 /Applications/XAMPP/xamppfiles/htdocs/hotelbooking/vendor/laravel/framework/src/Illuminate/Container/Container.php(575): Illuminate\Container\Container->resolve('App\\Http\\Middle...')
#11 /Applications/XAMPP/xamppfiles/htdocs/hotelbooking/vendor/laravel/framework/src/Illuminate/Foundation/Application.php(728): Illuminate\Container\Container->make('App\\Http\\Middle...')
#12 /Applications/XAMPP/xamppfiles/htdocs/hotelbooking/vendor/laravel/framework/src/Illuminate/Foundation/Http/Kernel.php(215): Illuminate\Foundation\Application->make('App\\Http\\Middle...')
#13 /Applications/XAMPP/xamppfiles/htdocs/hotelbooking/vendor/laravel/framework/src/Illuminate/Foundation/Http/Kernel.php(189): Illuminate\Foundation\Http\Kernel->terminateMiddleware(Object(Illuminate\Http\Request), Object(Illuminate\Http\Response))
#14 /Applications/XAMPP/xamppfiles/htdocs/hotelbooking/public/index.php(58): Illuminate\Foundation\Http\Kernel->terminate(Object(Illuminate\Http\Request), Object(Illuminate\Http\Response))
#15 {main}  
[2020-04-18 08:24:43] local.ERROR: ErrorException: chmod(/Applications/XAMPP/xamppfiles/htdocs/hotelbooking/storage/oauth-public.key): Operation failed: Operation not permitted in /Applications/XAMPP/xamppfiles/htdocs/hotelbooking/vendor/league/oauth2-server/src/CryptKey.php:51
Stack trace:
#0 [internal function]: Illuminate\Foundation\Bootstrap\HandleExceptions->handleError(2, 'chmod(/Applicat...', '/Applications/X...', 51, Array)
#1 /Applications/XAMPP/xamppfiles/htdocs/hotelbooking/vendor/league/oauth2-server/src/CryptKey.php(51): chmod('file:///Applica...', 384)
#2 /Applications/XAMPP/xamppfiles/htdocs/hotelbooking/vendor/league/oauth2-server/src/ResourceServer.php(50): League\OAuth2\Server\CryptKey->__construct('file:///Applica...')
#3 /Applications/XAMPP/xamppfiles/htdocs/hotelbooking/vendor/laravel/passport/src/PassportServiceProvider.php(217): League\OAuth2\Server\ResourceServer->__construct(Object(Laravel\Passport\Bridge\AccessTokenRepository), 'file:///Applica...')
#4 /Applications/XAMPP/xamppfiles/htdocs/hotelbooking/vendor/laravel/framework/src/Illuminate/Container/Container.php(726): Laravel\Passport\PassportServiceProvider->Laravel\Passport\{closure}(Object(Illuminate\Foundation\Application), Array)
#5 /Applications/XAMPP/xamppfiles/htdocs/hotelbooking/vendor/laravel/framework/src/Illuminate/Container/Container.php(608): Illuminate\Container\Container->build(Object(Closure))
#6 /Applications/XAMPP/xamppfiles/htdocs/hotelbooking/vendor/laravel/framework/src/Illuminate/Container/Container.php(575): Illuminate\Container\Container->resolve('League\\OAuth2\\S...')
#7 /Applications/XAMPP/xamppfiles/htdocs/hotelbooking/vendor/laravel/framework/src/Illuminate/Foundation/Application.php(728): Illuminate\Container\Container->make('League\\OAuth2\\S...')
#8 /Applications/XAMPP/xamppfiles/htdocs/hotelbooking/vendor/laravel/framework/src/Illuminate/Container/Container.php(862): Illuminate\Foundation\Application->make('League\\OAuth2\\S...')
#9 /Applications/XAMPP/xamppfiles/htdocs/hotelbooking/vendor/laravel/framework/src/Illuminate/Container/Container.php(790): Illuminate\Container\Container->resolveClass(Object(ReflectionParameter))
#10 /Applications/XAMPP/xamppfiles/htdocs/hotelbooking/vendor/laravel/framework/src/Illuminate/Container/Container.php(757): Illuminate\Container\Container->resolveDependencies(Array)
#11 /Applications/XAMPP/xamppfiles/htdocs/hotelbooking/vendor/laravel/framework/src/Illuminate/Container/Container.php(608): Illuminate\Container\Container->build('App\\Http\\Middle...')
#12 /Applications/XAMPP/xamppfiles/htdocs/hotelbooking/vendor/laravel/framework/src/Illuminate/Container/Container.php(575): Illuminate\Container\Container->resolve('App\\Http\\Middle...')
#13 /Applications/XAMPP/xamppfiles/htdocs/hotelbooking/vendor/laravel/framework/src/Illuminate/Foundation/Application.php(728): Illuminate\Container\Container->make('App\\Http\\Middle...')
#14 /Applications/XAMPP/xamppfiles/htdocs/hotelbooking/vendor/laravel/framework/src/Illuminate/Pipeline/Pipeline.php(138): Illuminate\Foundation\Application->make('App\\Http\\Middle...')
#15 /Applications/XAMPP/xamppfiles/htdocs/hotelbooking/vendor/laravel/framework/src/Illuminate/Routing/Pipeline.php(53): Illuminate\Pipeline\Pipeline->Illuminate\Pipeline\{closure}(Object(Illuminate\Http\Request))
#16 /Applications/XAMPP/xamppfiles/htdocs/hotelbooking/vendor/laravel/framework/src/Illuminate/Foundation/Http/Middleware/TransformsRequest.php(30): Illuminate\Routing\Pipeline->Illuminate\Routing\{closure}(Object(Illuminate\Http\Request))
#17 /Applications/XAMPP/xamppfiles/htdocs/hotelbooking/vendor/laravel/framework/src/Illuminate/Pipeline/Pipeline.php(148): Illuminate\Foundation\Http\Middleware\TransformsRequest->handle(Object(Illuminate\Http\Request), Object(Closure))
#18 /Applications/XAMPP/xamppfiles/htdocs/hotelbooking/vendor/laravel/framework/src/Illuminate/Routing/Pipeline.php(53): Illuminate\Pipeline\Pipeline->Illuminate\Pipeline\{closure}(Object(Illuminate\Http\Request))
#19 /Applications/XAMPP/xamppfiles/htdocs/hotelbooking/vendor/laravel/framework/src/Illuminate/Foundation/Http/Middleware/TransformsRequest.php(30): Illuminate\Routing\Pipeline->Illuminate\Routing\{closure}(Object(Illuminate\Http\Request))
#20 /Applications/XAMPP/xamppfiles/htdocs/hotelbooking/vendor/laravel/framework/src/Illuminate/Pipeline/Pipeline.php(148): Illuminate\Foundation\Http\Middleware\TransformsRequest->handle(Object(Illuminate\Http\Request), Object(Closure))
#21 /Applications/XAMPP/xamppfiles/htdocs/hotelbooking/vendor/laravel/framework/src/Illuminate/Routing/Pipeline.php(53): Illuminate\Pipeline\Pipeline->Illuminate\Pipeline\{closure}(Object(Illuminate\Http\Request))
#22 /Applications/XAMPP/xamppfiles/htdocs/hotelbooking/vendor/laravel/framework/src/Illuminate/Foundation/Http/Middleware/ValidatePostSize.php(27): Illuminate\Routing\Pipeline->Illuminate\Routing\{closure}(Object(Illuminate\Http\Request))
#23 /Applications/XAMPP/xamppfiles/htdocs/hotelbooking/vendor/laravel/framework/src/Illuminate/Pipeline/Pipeline.php(148): Illuminate\Foundation\Http\Middleware\ValidatePostSize->handle(Object(Illuminate\Http\Request), Object(Closure))
#24 /Applications/XAMPP/xamppfiles/htdocs/hotelbooking/vendor/laravel/framework/src/Illuminate/Routing/Pipeline.php(53): Illuminate\Pipeline\Pipeline->Illuminate\Pipeline\{closure}(Object(Illuminate\Http\Request))
#25 /Applications/XAMPP/xamppfiles/htdocs/hotelbooking/vendor/laravel/framework/src/Illuminate/Foundation/Http/Middleware/CheckForMaintenanceMode.php(46): Illuminate\Routing\Pipeline->Illuminate\Routing\{closure}(Object(Illuminate\Http\Request))
#26 /Applications/XAMPP/xamppfiles/htdocs/hotelbooking/vendor/laravel/framework/src/Illuminate/Pipeline/Pipeline.php(148): Illuminate\Foundation\Http\Middleware\CheckForMaintenanceMode->handle(Object(Illuminate\Http\Request), Object(Closure))
#27 /Applications/XAMPP/xamppfiles/htdocs/hotelbooking/vendor/laravel/framework/src/Illuminate/Routing/Pipeline.php(53): Illuminate\Pipeline\Pipeline->Illuminate\Pipeline\{closure}(Object(Illuminate\Http\Request))
#28 /Applications/XAMPP/xamppfiles/htdocs/hotelbooking/vendor/laravel/framework/src/Illuminate/Pipeline/Pipeline.php(102): Illuminate\Routing\Pipeline->Illuminate\Routing\{closure}(Object(Illuminate\Http\Request))
#29 /Applications/XAMPP/xamppfiles/htdocs/hotelbooking/vendor/laravel/framework/src/Illuminate/Foundation/Http/Kernel.php(151): Illuminate\Pipeline\Pipeline->then(Object(Closure))
#30 /Applications/XAMPP/xamppfiles/htdocs/hotelbooking/vendor/laravel/framework/src/Illuminate/Foundation/Http/Kernel.php(116): Illuminate\Foundation\Http\Kernel->sendRequestThroughRouter(Object(Illuminate\Http\Request))
#31 /Applications/XAMPP/xamppfiles/htdocs/hotelbooking/public/index.php(53): Illuminate\Foundation\Http\Kernel->handle(Object(Illuminate\Http\Request))
#32 {main}  
[2020-04-18 08:24:43] local.ERROR: ErrorException: chmod(/Applications/XAMPP/xamppfiles/htdocs/hotelbooking/storage/oauth-public.key): Operation failed: Operation not permitted in /Applications/XAMPP/xamppfiles/htdocs/hotelbooking/vendor/league/oauth2-server/src/CryptKey.php:51
Stack trace:
#0 [internal function]: Illuminate\Foundation\Bootstrap\HandleExceptions->handleError(2, 'chmod(/Applicat...', '/Applications/X...', 51, Array)
#1 /Applications/XAMPP/xamppfiles/htdocs/hotelbooking/vendor/league/oauth2-server/src/CryptKey.php(51): chmod('file:///Applica...', 384)
#2 /Applications/XAMPP/xamppfiles/htdocs/hotelbooking/vendor/league/oauth2-server/src/ResourceServer.php(50): League\OAuth2\Server\CryptKey->__construct('file:///Applica...')
#3 /Applications/XAMPP/xamppfiles/htdocs/hotelbooking/vendor/laravel/passport/src/PassportServiceProvider.php(217): League\OAuth2\Server\ResourceServer->__construct(Object(Laravel\Passport\Bridge\AccessTokenRepository), 'file:///Applica...')
#4 /Applications/XAMPP/xamppfiles/htdocs/hotelbooking/vendor/laravel/framework/src/Illuminate/Container/Container.php(726): Laravel\Passport\PassportServiceProvider->Laravel\Passport\{closure}(Object(Illuminate\Foundation\Application), Array)
#5 /Applications/XAMPP/xamppfiles/htdocs/hotelbooking/vendor/laravel/framework/src/Illuminate/Container/Container.php(608): Illuminate\Container\Container->build(Object(Closure))
#6 /Applications/XAMPP/xamppfiles/htdocs/hotelbooking/vendor/laravel/framework/src/Illuminate/Container/Container.php(575): Illuminate\Container\Container->resolve('League\\OAuth2\\S...')
#7 /Applications/XAMPP/xamppfiles/htdocs/hotelbooking/vendor/laravel/framework/src/Illuminate/Foundation/Application.php(728): Illuminate\Container\Container->make('League\\OAuth2\\S...')
#8 /Applications/XAMPP/xamppfiles/htdocs/hotelbooking/vendor/laravel/framework/src/Illuminate/Container/Container.php(862): Illuminate\Foundation\Application->make('League\\OAuth2\\S...')
#9 /Applications/XAMPP/xamppfiles/htdocs/hotelbooking/vendor/laravel/framework/src/Illuminate/Container/Container.php(790): Illuminate\Container\Container->resolveClass(Object(ReflectionParameter))
#10 /Applications/XAMPP/xamppfiles/htdocs/hotelbooking/vendor/laravel/framework/src/Illuminate/Container/Container.php(757): Illuminate\Container\Container->resolveDependencies(Array)
#11 /Applications/XAMPP/xamppfiles/htdocs/hotelbooking/vendor/laravel/framework/src/Illuminate/Container/Container.php(608): Illuminate\Container\Container->build('App\\Http\\Middle...')
#12 /Applications/XAMPP/xamppfiles/htdocs/hotelbooking/vendor/laravel/framework/src/Illuminate/Container/Container.php(575): Illuminate\Container\Container->resolve('App\\Http\\Middle...')
#13 /Applications/XAMPP/xamppfiles/htdocs/hotelbooking/vendor/laravel/framework/src/Illuminate/Foundation/Application.php(728): Illuminate\Container\Container->make('App\\Http\\Middle...')
#14 /Applications/XAMPP/xamppfiles/htdocs/hotelbooking/vendor/laravel/framework/src/Illuminate/Foundation/Http/Kernel.php(215): Illuminate\Foundation\Application->make('App\\Http\\Middle...')
#15 /Applications/XAMPP/xamppfiles/htdocs/hotelbooking/vendor/laravel/framework/src/Illuminate/Foundation/Http/Kernel.php(189): Illuminate\Foundation\Http\Kernel->terminateMiddleware(Object(Illuminate\Http\Request), Object(Illuminate\Http\Response))
#16 /Applications/XAMPP/xamppfiles/htdocs/hotelbooking/public/index.php(58): Illuminate\Foundation\Http\Kernel->terminate(Object(Illuminate\Http\Request), Object(Illuminate\Http\Response))
#17 {main}  
[2020-04-18 08:24:44] local.ERROR: ErrorException: chmod(/Applications/XAMPP/xamppfiles/htdocs/hotelbooking/storage/oauth-public.key): Operation failed: Operation not permitted in /Applications/XAMPP/xamppfiles/htdocs/hotelbooking/vendor/league/oauth2-server/src/CryptKey.php:51
Stack trace:
#0 [internal function]: Illuminate\Foundation\Bootstrap\HandleExceptions->handleError(2, 'chmod(/Applicat...', '/Applications/X...', 51, Array)
#1 /Applications/XAMPP/xamppfiles/htdocs/hotelbooking/vendor/league/oauth2-server/src/CryptKey.php(51): chmod('file:///Applica...', 384)
#2 /Applications/XAMPP/xamppfiles/htdocs/hotelbooking/vendor/league/oauth2-server/src/ResourceServer.php(50): League\OAuth2\Server\CryptKey->__construct('file:///Applica...')
#3 /Applications/XAMPP/xamppfiles/htdocs/hotelbooking/vendor/laravel/passport/src/PassportServiceProvider.php(217): League\OAuth2\Server\ResourceServer->__construct(Object(Laravel\Passport\Bridge\AccessTokenRepository), 'file:///Applica...')
#4 /Applications/XAMPP/xamppfiles/htdocs/hotelbooking/vendor/laravel/framework/src/Illuminate/Container/Container.php(726): Laravel\Passport\PassportServiceProvider->Laravel\Passport\{closure}(Object(Illuminate\Foundation\Application), Array)
#5 /Applications/XAMPP/xamppfiles/htdocs/hotelbooking/vendor/laravel/framework/src/Illuminate/Container/Container.php(608): Illuminate\Container\Container->build(Object(Closure))
#6 /Applications/XAMPP/xamppfiles/htdocs/hotelbooking/vendor/laravel/framework/src/Illuminate/Container/Container.php(575): Illuminate\Container\Container->resolve('League\\OAuth2\\S...')
#7 /Applications/XAMPP/xamppfiles/htdocs/hotelbooking/vendor/laravel/framework/src/Illuminate/Foundation/Application.php(728): Illuminate\Container\Container->make('League\\OAuth2\\S...')
#8 /Applications/XAMPP/xamppfiles/htdocs/hotelbooking/vendor/laravel/framework/src/Illuminate/Container/Container.php(862): Illuminate\Foundation\Application->make('League\\OAuth2\\S...')
#9 /Applications/XAMPP/xamppfiles/htdocs/hotelbooking/vendor/laravel/framework/src/Illuminate/Container/Container.php(790): Illuminate\Container\Container->resolveClass(Object(ReflectionParameter))
#10 /Applications/XAMPP/xamppfiles/htdocs/hotelbooking/vendor/laravel/framework/src/Illuminate/Container/Container.php(757): Illuminate\Container\Container->resolveDependencies(Array)
#11 /Applications/XAMPP/xamppfiles/htdocs/hotelbooking/vendor/laravel/framework/src/Illuminate/Container/Container.php(608): Illuminate\Container\Container->build('App\\Http\\Middle...')
#12 /Applications/XAMPP/xamppfiles/htdocs/hotelbooking/vendor/laravel/framework/src/Illuminate/Container/Container.php(575): Illuminate\Container\Container->resolve('App\\Http\\Middle...')
#13 /Applications/XAMPP/xamppfiles/htdocs/hotelbooking/vendor/laravel/framework/src/Illuminate/Foundation/Application.php(728): Illuminate\Container\Container->make('App\\Http\\Middle...')
#14 /Applications/XAMPP/xamppfiles/htdocs/hotelbooking/vendor/laravel/framework/src/Illuminate/Pipeline/Pipeline.php(138): Illuminate\Foundation\Application->make('App\\Http\\Middle...')
#15 /Applications/XAMPP/xamppfiles/htdocs/hotelbooking/vendor/laravel/framework/src/Illuminate/Routing/Pipeline.php(53): Illuminate\Pipeline\Pipeline->Illuminate\Pipeline\{closure}(Object(Illuminate\Http\Request))
#16 /Applications/XAMPP/xamppfiles/htdocs/hotelbooking/vendor/laravel/framework/src/Illuminate/Foundation/Http/Middleware/TransformsRequest.php(30): Illuminate\Routing\Pipeline->Illuminate\Routing\{closure}(Object(Illuminate\Http\Request))
#17 /Applications/XAMPP/xamppfiles/htdocs/hotelbooking/vendor/laravel/framework/src/Illuminate/Pipeline/Pipeline.php(148): Illuminate\Foundation\Http\Middleware\TransformsRequest->handle(Object(Illuminate\Http\Request), Object(Closure))
#18 /Applications/XAMPP/xamppfiles/htdocs/hotelbooking/vendor/laravel/framework/src/Illuminate/Routing/Pipeline.php(53): Illuminate\Pipeline\Pipeline->Illuminate\Pipeline\{closure}(Object(Illuminate\Http\Request))
#19 /Applications/XAMPP/xamppfiles/htdocs/hotelbooking/vendor/laravel/framework/src/Illuminate/Foundation/Http/Middleware/TransformsRequest.php(30): Illuminate\Routing\Pipeline->Illuminate\Routing\{closure}(Object(Illuminate\Http\Request))
#20 /Applications/XAMPP/xamppfiles/htdocs/hotelbooking/vendor/laravel/framework/src/Illuminate/Pipeline/Pipeline.php(148): Illuminate\Foundation\Http\Middleware\TransformsRequest->handle(Object(Illuminate\Http\Request), Object(Closure))
#21 /Applications/XAMPP/xamppfiles/htdocs/hotelbooking/vendor/laravel/framework/src/Illuminate/Routing/Pipeline.php(53): Illuminate\Pipeline\Pipeline->Illuminate\Pipeline\{closure}(Object(Illuminate\Http\Request))
#22 /Applications/XAMPP/xamppfiles/htdocs/hotelbooking/vendor/laravel/framework/src/Illuminate/Foundation/Http/Middleware/ValidatePostSize.php(27): Illuminate\Routing\Pipeline->Illuminate\Routing\{closure}(Object(Illuminate\Http\Request))
#23 /Applications/XAMPP/xamppfiles/htdocs/hotelbooking/vendor/laravel/framework/src/Illuminate/Pipeline/Pipeline.php(148): Illuminate\Foundation\Http\Middleware\ValidatePostSize->handle(Object(Illuminate\Http\Request), Object(Closure))
#24 /Applications/XAMPP/xamppfiles/htdocs/hotelbooking/vendor/laravel/framework/src/Illuminate/Routing/Pipeline.php(53): Illuminate\Pipeline\Pipeline->Illuminate\Pipeline\{closure}(Object(Illuminate\Http\Request))
#25 /Applications/XAMPP/xamppfiles/htdocs/hotelbooking/vendor/laravel/framework/src/Illuminate/Foundation/Http/Middleware/CheckForMaintenanceMode.php(46): Illuminate\Routing\Pipeline->Illuminate\Routing\{closure}(Object(Illuminate\Http\Request))
#26 /Applications/XAMPP/xamppfiles/htdocs/hotelbooking/vendor/laravel/framework/src/Illuminate/Pipeline/Pipeline.php(148): Illuminate\Foundation\Http\Middleware\CheckForMaintenanceMode->handle(Object(Illuminate\Http\Request), Object(Closure))
#27 /Applications/XAMPP/xamppfiles/htdocs/hotelbooking/vendor/laravel/framework/src/Illuminate/Routing/Pipeline.php(53): Illuminate\Pipeline\Pipeline->Illuminate\Pipeline\{closure}(Object(Illuminate\Http\Request))
#28 /Applications/XAMPP/xamppfiles/htdocs/hotelbooking/vendor/laravel/framework/src/Illuminate/Pipeline/Pipeline.php(102): Illuminate\Routing\Pipeline->Illuminate\Routing\{closure}(Object(Illuminate\Http\Request))
#29 /Applications/XAMPP/xamppfiles/htdocs/hotelbooking/vendor/laravel/framework/src/Illuminate/Foundation/Http/Kernel.php(151): Illuminate\Pipeline\Pipeline->then(Object(Closure))
#30 /Applications/XAMPP/xamppfiles/htdocs/hotelbooking/vendor/laravel/framework/src/Illuminate/Foundation/Http/Kernel.php(116): Illuminate\Foundation\Http\Kernel->sendRequestThroughRouter(Object(Illuminate\Http\Request))
#31 /Applications/XAMPP/xamppfiles/htdocs/hotelbooking/public/index.php(53): Illuminate\Foundation\Http\Kernel->handle(Object(Illuminate\Http\Request))
#32 {main}  
[2020-04-18 08:24:44] local.ERROR: ErrorException: chmod(/Applications/XAMPP/xamppfiles/htdocs/hotelbooking/storage/oauth-public.key): Operation failed: Operation not permitted in /Applications/XAMPP/xamppfiles/htdocs/hotelbooking/vendor/league/oauth2-server/src/CryptKey.php:51
Stack trace:
#0 [internal function]: Illuminate\Foundation\Bootstrap\HandleExceptions->handleError(2, 'chmod(/Applicat...', '/Applications/X...', 51, Array)
#1 /Applications/XAMPP/xamppfiles/htdocs/hotelbooking/vendor/league/oauth2-server/src/CryptKey.php(51): chmod('file:///Applica...', 384)
#2 /Applications/XAMPP/xamppfiles/htdocs/hotelbooking/vendor/league/oauth2-server/src/ResourceServer.php(50): League\OAuth2\Server\CryptKey->__construct('file:///Applica...')
#3 /Applications/XAMPP/xamppfiles/htdocs/hotelbooking/vendor/laravel/passport/src/PassportServiceProvider.php(217): League\OAuth2\Server\ResourceServer->__construct(Object(Laravel\Passport\Bridge\AccessTokenRepository), 'file:///Applica...')
#4 /Applications/XAMPP/xamppfiles/htdocs/hotelbooking/vendor/laravel/framework/src/Illuminate/Container/Container.php(726): Laravel\Passport\PassportServiceProvider->Laravel\Passport\{closure}(Object(Illuminate\Foundation\Application), Array)
#5 /Applications/XAMPP/xamppfiles/htdocs/hotelbooking/vendor/laravel/framework/src/Illuminate/Container/Container.php(608): Illuminate\Container\Container->build(Object(Closure))
#6 /Applications/XAMPP/xamppfiles/htdocs/hotelbooking/vendor/laravel/framework/src/Illuminate/Container/Container.php(575): Illuminate\Container\Container->resolve('League\\OAuth2\\S...')
#7 /Applications/XAMPP/xamppfiles/htdocs/hotelbooking/vendor/laravel/framework/src/Illuminate/Foundation/Application.php(728): Illuminate\Container\Container->make('League\\OAuth2\\S...')
#8 /Applications/XAMPP/xamppfiles/htdocs/hotelbooking/vendor/laravel/framework/src/Illuminate/Container/Container.php(862): Illuminate\Foundation\Application->make('League\\OAuth2\\S...')
#9 /Applications/XAMPP/xamppfiles/htdocs/hotelbooking/vendor/laravel/framework/src/Illuminate/Container/Container.php(790): Illuminate\Container\Container->resolveClass(Object(ReflectionParameter))
#10 /Applications/XAMPP/xamppfiles/htdocs/hotelbooking/vendor/laravel/framework/src/Illuminate/Container/Container.php(757): Illuminate\Container\Container->resolveDependencies(Array)
#11 /Applications/XAMPP/xamppfiles/htdocs/hotelbooking/vendor/laravel/framework/src/Illuminate/Container/Container.php(608): Illuminate\Container\Container->build('App\\Http\\Middle...')
#12 /Applications/XAMPP/xamppfiles/htdocs/hotelbooking/vendor/laravel/framework/src/Illuminate/Container/Container.php(575): Illuminate\Container\Container->resolve('App\\Http\\Middle...')
#13 /Applications/XAMPP/xamppfiles/htdocs/hotelbooking/vendor/laravel/framework/src/Illuminate/Foundation/Application.php(728): Illuminate\Container\Container->make('App\\Http\\Middle...')
#14 /Applications/XAMPP/xamppfiles/htdocs/hotelbooking/vendor/laravel/framework/src/Illuminate/Foundation/Http/Kernel.php(215): Illuminate\Foundation\Application->make('App\\Http\\Middle...')
#15 /Applications/XAMPP/xamppfiles/htdocs/hotelbooking/vendor/laravel/framework/src/Illuminate/Foundation/Http/Kernel.php(189): Illuminate\Foundation\Http\Kernel->terminateMiddleware(Object(Illuminate\Http\Request), Object(Illuminate\Http\Response))
#16 /Applications/XAMPP/xamppfiles/htdocs/hotelbooking/public/index.php(58): Illuminate\Foundation\Http\Kernel->terminate(Object(Illuminate\Http\Request), Object(Illuminate\Http\Response))
#17 {main}  
[2020-04-18 08:24:51] local.ERROR: ErrorException: chmod(/Applications/XAMPP/xamppfiles/htdocs/hotelbooking/storage/oauth-public.key): Operation failed: Operation not permitted in /Applications/XAMPP/xamppfiles/htdocs/hotelbooking/vendor/league/oauth2-server/src/CryptKey.php:51
Stack trace:
#0 [internal function]: Illuminate\Foundation\Bootstrap\HandleExceptions->handleError(2, 'chmod(/Applicat...', '/Applications/X...', 51, Array)
#1 /Applications/XAMPP/xamppfiles/htdocs/hotelbooking/vendor/league/oauth2-server/src/CryptKey.php(51): chmod('file:///Applica...', 384)
#2 /Applications/XAMPP/xamppfiles/htdocs/hotelbooking/vendor/league/oauth2-server/src/ResourceServer.php(50): League\OAuth2\Server\CryptKey->__construct('file:///Applica...')
#3 /Applications/XAMPP/xamppfiles/htdocs/hotelbooking/vendor/laravel/passport/src/PassportServiceProvider.php(217): League\OAuth2\Server\ResourceServer->__construct(Object(Laravel\Passport\Bridge\AccessTokenRepository), 'file:///Applica...')
#4 /Applications/XAMPP/xamppfiles/htdocs/hotelbooking/vendor/laravel/framework/src/Illuminate/Container/Container.php(726): Laravel\Passport\PassportServiceProvider->Laravel\Passport\{closure}(Object(Illuminate\Foundation\Application), Array)
#5 /Applications/XAMPP/xamppfiles/htdocs/hotelbooking/vendor/laravel/framework/src/Illuminate/Container/Container.php(608): Illuminate\Container\Container->build(Object(Closure))
#6 /Applications/XAMPP/xamppfiles/htdocs/hotelbooking/vendor/laravel/framework/src/Illuminate/Container/Container.php(575): Illuminate\Container\Container->resolve('League\\OAuth2\\S...')
#7 /Applications/XAMPP/xamppfiles/htdocs/hotelbooking/vendor/laravel/framework/src/Illuminate/Foundation/Application.php(728): Illuminate\Container\Container->make('League\\OAuth2\\S...')
#8 /Applications/XAMPP/xamppfiles/htdocs/hotelbooking/vendor/laravel/framework/src/Illuminate/Container/Container.php(862): Illuminate\Foundation\Application->make('League\\OAuth2\\S...')
#9 /Applications/XAMPP/xamppfiles/htdocs/hotelbooking/vendor/laravel/framework/src/Illuminate/Container/Container.php(790): Illuminate\Container\Container->resolveClass(Object(ReflectionParameter))
#10 /Applications/XAMPP/xamppfiles/htdocs/hotelbooking/vendor/laravel/framework/src/Illuminate/Container/Container.php(757): Illuminate\Container\Container->resolveDependencies(Array)
#11 /Applications/XAMPP/xamppfiles/htdocs/hotelbooking/vendor/laravel/framework/src/Illuminate/Container/Container.php(608): Illuminate\Container\Container->build('App\\Http\\Middle...')
#12 /Applications/XAMPP/xamppfiles/htdocs/hotelbooking/vendor/laravel/framework/src/Illuminate/Container/Container.php(575): Illuminate\Container\Container->resolve('App\\Http\\Middle...')
#13 /Applications/XAMPP/xamppfiles/htdocs/hotelbooking/vendor/laravel/framework/src/Illuminate/Foundation/Application.php(728): Illuminate\Container\Container->make('App\\Http\\Middle...')
#14 /Applications/XAMPP/xamppfiles/htdocs/hotelbooking/vendor/laravel/framework/src/Illuminate/Pipeline/Pipeline.php(138): Illuminate\Foundation\Application->make('App\\Http\\Middle...')
#15 /Applications/XAMPP/xamppfiles/htdocs/hotelbooking/vendor/laravel/framework/src/Illuminate/Routing/Pipeline.php(53): Illuminate\Pipeline\Pipeline->Illuminate\Pipeline\{closure}(Object(Illuminate\Http\Request))
#16 /Applications/XAMPP/xamppfiles/htdocs/hotelbooking/vendor/laravel/framework/src/Illuminate/Foundation/Http/Middleware/TransformsRequest.php(30): Illuminate\Routing\Pipeline->Illuminate\Routing\{closure}(Object(Illuminate\Http\Request))
#17 /Applications/XAMPP/xamppfiles/htdocs/hotelbooking/vendor/laravel/framework/src/Illuminate/Pipeline/Pipeline.php(148): Illuminate\Foundation\Http\Middleware\TransformsRequest->handle(Object(Illuminate\Http\Request), Object(Closure))
#18 /Applications/XAMPP/xamppfiles/htdocs/hotelbooking/vendor/laravel/framework/src/Illuminate/Routing/Pipeline.php(53): Illuminate\Pipeline\Pipeline->Illuminate\Pipeline\{closure}(Object(Illuminate\Http\Request))
#19 /Applications/XAMPP/xamppfiles/htdocs/hotelbooking/vendor/laravel/framework/src/Illuminate/Foundation/Http/Middleware/TransformsRequest.php(30): Illuminate\Routing\Pipeline->Illuminate\Routing\{closure}(Object(Illuminate\Http\Request))
#20 /Applications/XAMPP/xamppfiles/htdocs/hotelbooking/vendor/laravel/framework/src/Illuminate/Pipeline/Pipeline.php(148): Illuminate\Foundation\Http\Middleware\TransformsRequest->handle(Object(Illuminate\Http\Request), Object(Closure))
#21 /Applications/XAMPP/xamppfiles/htdocs/hotelbooking/vendor/laravel/framework/src/Illuminate/Routing/Pipeline.php(53): Illuminate\Pipeline\Pipeline->Illuminate\Pipeline\{closure}(Object(Illuminate\Http\Request))
#22 /Applications/XAMPP/xamppfiles/htdocs/hotelbooking/vendor/laravel/framework/src/Illuminate/Foundation/Http/Middleware/ValidatePostSize.php(27): Illuminate\Routing\Pipeline->Illuminate\Routing\{closure}(Object(Illuminate\Http\Request))
#23 /Applications/XAMPP/xamppfiles/htdocs/hotelbooking/vendor/laravel/framework/src/Illuminate/Pipeline/Pipeline.php(148): Illuminate\Foundation\Http\Middleware\ValidatePostSize->handle(Object(Illuminate\Http\Request), Object(Closure))
#24 /Applications/XAMPP/xamppfiles/htdocs/hotelbooking/vendor/laravel/framework/src/Illuminate/Routing/Pipeline.php(53): Illuminate\Pipeline\Pipeline->Illuminate\Pipeline\{closure}(Object(Illuminate\Http\Request))
#25 /Applications/XAMPP/xamppfiles/htdocs/hotelbooking/vendor/laravel/framework/src/Illuminate/Foundation/Http/Middleware/CheckForMaintenanceMode.php(46): Illuminate\Routing\Pipeline->Illuminate\Routing\{closure}(Object(Illuminate\Http\Request))
#26 /Applications/XAMPP/xamppfiles/htdocs/hotelbooking/vendor/laravel/framework/src/Illuminate/Pipeline/Pipeline.php(148): Illuminate\Foundation\Http\Middleware\CheckForMaintenanceMode->handle(Object(Illuminate\Http\Request), Object(Closure))
#27 /Applications/XAMPP/xamppfiles/htdocs/hotelbooking/vendor/laravel/framework/src/Illuminate/Routing/Pipeline.php(53): Illuminate\Pipeline\Pipeline->Illuminate\Pipeline\{closure}(Object(Illuminate\Http\Request))
#28 /Applications/XAMPP/xamppfiles/htdocs/hotelbooking/vendor/laravel/framework/src/Illuminate/Pipeline/Pipeline.php(102): Illuminate\Routing\Pipeline->Illuminate\Routing\{closure}(Object(Illuminate\Http\Request))
#29 /Applications/XAMPP/xamppfiles/htdocs/hotelbooking/vendor/laravel/framework/src/Illuminate/Foundation/Http/Kernel.php(151): Illuminate\Pipeline\Pipeline->then(Object(Closure))
#30 /Applications/XAMPP/xamppfiles/htdocs/hotelbooking/vendor/laravel/framework/src/Illuminate/Foundation/Http/Kernel.php(116): Illuminate\Foundation\Http\Kernel->sendRequestThroughRouter(Object(Illuminate\Http\Request))
#31 /Applications/XAMPP/xamppfiles/htdocs/hotelbooking/public/index.php(53): Illuminate\Foundation\Http\Kernel->handle(Object(Illuminate\Http\Request))
#32 {main}  
[2020-04-18 08:24:51] local.ERROR: ErrorException: chmod(/Applications/XAMPP/xamppfiles/htdocs/hotelbooking/storage/oauth-public.key): Operation failed: Operation not permitted in /Applications/XAMPP/xamppfiles/htdocs/hotelbooking/vendor/league/oauth2-server/src/CryptKey.php:51
Stack trace:
#0 [internal function]: Illuminate\Foundation\Bootstrap\HandleExceptions->handleError(2, 'chmod(/Applicat...', '/Applications/X...', 51, Array)
#1 /Applications/XAMPP/xamppfiles/htdocs/hotelbooking/vendor/league/oauth2-server/src/CryptKey.php(51): chmod('file:///Applica...', 384)
#2 /Applications/XAMPP/xamppfiles/htdocs/hotelbooking/vendor/league/oauth2-server/src/ResourceServer.php(50): League\OAuth2\Server\CryptKey->__construct('file:///Applica...')
#3 /Applications/XAMPP/xamppfiles/htdocs/hotelbooking/vendor/laravel/passport/src/PassportServiceProvider.php(217): League\OAuth2\Server\ResourceServer->__construct(Object(Laravel\Passport\Bridge\AccessTokenRepository), 'file:///Applica...')
#4 /Applications/XAMPP/xamppfiles/htdocs/hotelbooking/vendor/laravel/framework/src/Illuminate/Container/Container.php(726): Laravel\Passport\PassportServiceProvider->Laravel\Passport\{closure}(Object(Illuminate\Foundation\Application), Array)
#5 /Applications/XAMPP/xamppfiles/htdocs/hotelbooking/vendor/laravel/framework/src/Illuminate/Container/Container.php(608): Illuminate\Container\Container->build(Object(Closure))
#6 /Applications/XAMPP/xamppfiles/htdocs/hotelbooking/vendor/laravel/framework/src/Illuminate/Container/Container.php(575): Illuminate\Container\Container->resolve('League\\OAuth2\\S...')
#7 /Applications/XAMPP/xamppfiles/htdocs/hotelbooking/vendor/laravel/framework/src/Illuminate/Foundation/Application.php(728): Illuminate\Container\Container->make('League\\OAuth2\\S...')
#8 /Applications/XAMPP/xamppfiles/htdocs/hotelbooking/vendor/laravel/framework/src/Illuminate/Container/Container.php(862): Illuminate\Foundation\Application->make('League\\OAuth2\\S...')
#9 /Applications/XAMPP/xamppfiles/htdocs/hotelbooking/vendor/laravel/framework/src/Illuminate/Container/Container.php(790): Illuminate\Container\Container->resolveClass(Object(ReflectionParameter))
#10 /Applications/XAMPP/xamppfiles/htdocs/hotelbooking/vendor/laravel/framework/src/Illuminate/Container/Container.php(757): Illuminate\Container\Container->resolveDependencies(Array)
#11 /Applications/XAMPP/xamppfiles/htdocs/hotelbooking/vendor/laravel/framework/src/Illuminate/Container/Container.php(608): Illuminate\Container\Container->build('App\\Http\\Middle...')
#12 /Applications/XAMPP/xamppfiles/htdocs/hotelbooking/vendor/laravel/framework/src/Illuminate/Container/Container.php(575): Illuminate\Container\Container->resolve('App\\Http\\Middle...')
#13 /Applications/XAMPP/xamppfiles/htdocs/hotelbooking/vendor/laravel/framework/src/Illuminate/Foundation/Application.php(728): Illuminate\Container\Container->make('App\\Http\\Middle...')
#14 /Applications/XAMPP/xamppfiles/htdocs/hotelbooking/vendor/laravel/framework/src/Illuminate/Foundation/Http/Kernel.php(215): Illuminate\Foundation\Application->make('App\\Http\\Middle...')
#15 /Applications/XAMPP/xamppfiles/htdocs/hotelbooking/vendor/laravel/framework/src/Illuminate/Foundation/Http/Kernel.php(189): Illuminate\Foundation\Http\Kernel->terminateMiddleware(Object(Illuminate\Http\Request), Object(Illuminate\Http\Response))
#16 /Applications/XAMPP/xamppfiles/htdocs/hotelbooking/public/index.php(58): Illuminate\Foundation\Http\Kernel->terminate(Object(Illuminate\Http\Request), Object(Illuminate\Http\Response))
#17 {main}  
[2020-04-18 08:24:51] local.ERROR: ErrorException: chmod(/Applications/XAMPP/xamppfiles/htdocs/hotelbooking/storage/oauth-public.key): Operation failed: Operation not permitted in /Applications/XAMPP/xamppfiles/htdocs/hotelbooking/vendor/league/oauth2-server/src/CryptKey.php:51
Stack trace:
#0 [internal function]: Illuminate\Foundation\Bootstrap\HandleExceptions->handleError(2, 'chmod(/Applicat...', '/Applications/X...', 51, Array)
#1 /Applications/XAMPP/xamppfiles/htdocs/hotelbooking/vendor/league/oauth2-server/src/CryptKey.php(51): chmod('file:///Applica...', 384)
#2 /Applications/XAMPP/xamppfiles/htdocs/hotelbooking/vendor/league/oauth2-server/src/ResourceServer.php(50): League\OAuth2\Server\CryptKey->__construct('file:///Applica...')
#3 /Applications/XAMPP/xamppfiles/htdocs/hotelbooking/vendor/laravel/passport/src/PassportServiceProvider.php(217): League\OAuth2\Server\ResourceServer->__construct(Object(Laravel\Passport\Bridge\AccessTokenRepository), 'file:///Applica...')
#4 /Applications/XAMPP/xamppfiles/htdocs/hotelbooking/vendor/laravel/framework/src/Illuminate/Container/Container.php(726): Laravel\Passport\PassportServiceProvider->Laravel\Passport\{closure}(Object(Illuminate\Foundation\Application), Array)
#5 /Applications/XAMPP/xamppfiles/htdocs/hotelbooking/vendor/laravel/framework/src/Illuminate/Container/Container.php(608): Illuminate\Container\Container->build(Object(Closure))
#6 /Applications/XAMPP/xamppfiles/htdocs/hotelbooking/vendor/laravel/framework/src/Illuminate/Container/Container.php(575): Illuminate\Container\Container->resolve('League\\OAuth2\\S...')
#7 /Applications/XAMPP/xamppfiles/htdocs/hotelbooking/vendor/laravel/framework/src/Illuminate/Foundation/Application.php(728): Illuminate\Container\Container->make('League\\OAuth2\\S...')
#8 /Applications/XAMPP/xamppfiles/htdocs/hotelbooking/vendor/laravel/framework/src/Illuminate/Container/Container.php(862): Illuminate\Foundation\Application->make('League\\OAuth2\\S...')
#9 /Applications/XAMPP/xamppfiles/htdocs/hotelbooking/vendor/laravel/framework/src/Illuminate/Container/Container.php(790): Illuminate\Container\Container->resolveClass(Object(ReflectionParameter))
#10 /Applications/XAMPP/xamppfiles/htdocs/hotelbooking/vendor/laravel/framework/src/Illuminate/Container/Container.php(757): Illuminate\Container\Container->resolveDependencies(Array)
#11 /Applications/XAMPP/xamppfiles/htdocs/hotelbooking/vendor/laravel/framework/src/Illuminate/Container/Container.php(608): Illuminate\Container\Container->build('App\\Http\\Middle...')
#12 /Applications/XAMPP/xamppfiles/htdocs/hotelbooking/vendor/laravel/framework/src/Illuminate/Container/Container.php(575): Illuminate\Container\Container->resolve('App\\Http\\Middle...')
#13 /Applications/XAMPP/xamppfiles/htdocs/hotelbooking/vendor/laravel/framework/src/Illuminate/Foundation/Application.php(728): Illuminate\Container\Container->make('App\\Http\\Middle...')
#14 /Applications/XAMPP/xamppfiles/htdocs/hotelbooking/vendor/laravel/framework/src/Illuminate/Pipeline/Pipeline.php(138): Illuminate\Foundation\Application->make('App\\Http\\Middle...')
#15 /Applications/XAMPP/xamppfiles/htdocs/hotelbooking/vendor/laravel/framework/src/Illuminate/Routing/Pipeline.php(53): Illuminate\Pipeline\Pipeline->Illuminate\Pipeline\{closure}(Object(Illuminate\Http\Request))
#16 /Applications/XAMPP/xamppfiles/htdocs/hotelbooking/vendor/laravel/framework/src/Illuminate/Foundation/Http/Middleware/TransformsRequest.php(30): Illuminate\Routing\Pipeline->Illuminate\Routing\{closure}(Object(Illuminate\Http\Request))
#17 /Applications/XAMPP/xamppfiles/htdocs/hotelbooking/vendor/laravel/framework/src/Illuminate/Pipeline/Pipeline.php(148): Illuminate\Foundation\Http\Middleware\TransformsRequest->handle(Object(Illuminate\Http\Request), Object(Closure))
#18 /Applications/XAMPP/xamppfiles/htdocs/hotelbooking/vendor/laravel/framework/src/Illuminate/Routing/Pipeline.php(53): Illuminate\Pipeline\Pipeline->Illuminate\Pipeline\{closure}(Object(Illuminate\Http\Request))
#19 /Applications/XAMPP/xamppfiles/htdocs/hotelbooking/vendor/laravel/framework/src/Illuminate/Foundation/Http/Middleware/TransformsRequest.php(30): Illuminate\Routing\Pipeline->Illuminate\Routing\{closure}(Object(Illuminate\Http\Request))
#20 /Applications/XAMPP/xamppfiles/htdocs/hotelbooking/vendor/laravel/framework/src/Illuminate/Pipeline/Pipeline.php(148): Illuminate\Foundation\Http\Middleware\TransformsRequest->handle(Object(Illuminate\Http\Request), Object(Closure))
#21 /Applications/XAMPP/xamppfiles/htdocs/hotelbooking/vendor/laravel/framework/src/Illuminate/Routing/Pipeline.php(53): Illuminate\Pipeline\Pipeline->Illuminate\Pipeline\{closure}(Object(Illuminate\Http\Request))
#22 /Applications/XAMPP/xamppfiles/htdocs/hotelbooking/vendor/laravel/framework/src/Illuminate/Foundation/Http/Middleware/ValidatePostSize.php(27): Illuminate\Routing\Pipeline->Illuminate\Routing\{closure}(Object(Illuminate\Http\Request))
#23 /Applications/XAMPP/xamppfiles/htdocs/hotelbooking/vendor/laravel/framework/src/Illuminate/Pipeline/Pipeline.php(148): Illuminate\Foundation\Http\Middleware\ValidatePostSize->handle(Object(Illuminate\Http\Request), Object(Closure))
#24 /Applications/XAMPP/xamppfiles/htdocs/hotelbooking/vendor/laravel/framework/src/Illuminate/Routing/Pipeline.php(53): Illuminate\Pipeline\Pipeline->Illuminate\Pipeline\{closure}(Object(Illuminate\Http\Request))
#25 /Applications/XAMPP/xamppfiles/htdocs/hotelbooking/vendor/laravel/framework/src/Illuminate/Foundation/Http/Middleware/CheckForMaintenanceMode.php(46): Illuminate\Routing\Pipeline->Illuminate\Routing\{closure}(Object(Illuminate\Http\Request))
#26 /Applications/XAMPP/xamppfiles/htdocs/hotelbooking/vendor/laravel/framework/src/Illuminate/Pipeline/Pipeline.php(148): Illuminate\Foundation\Http\Middleware\CheckForMaintenanceMode->handle(Object(Illuminate\Http\Request), Object(Closure))
#27 /Applications/XAMPP/xamppfiles/htdocs/hotelbooking/vendor/laravel/framework/src/Illuminate/Routing/Pipeline.php(53): Illuminate\Pipeline\Pipeline->Illuminate\Pipeline\{closure}(Object(Illuminate\Http\Request))
#28 /Applications/XAMPP/xamppfiles/htdocs/hotelbooking/vendor/laravel/framework/src/Illuminate/Pipeline/Pipeline.php(102): Illuminate\Routing\Pipeline->Illuminate\Routing\{closure}(Object(Illuminate\Http\Request))
#29 /Applications/XAMPP/xamppfiles/htdocs/hotelbooking/vendor/laravel/framework/src/Illuminate/Foundation/Http/Kernel.php(151): Illuminate\Pipeline\Pipeline->then(Object(Closure))
#30 /Applications/XAMPP/xamppfiles/htdocs/hotelbooking/vendor/laravel/framework/src/Illuminate/Foundation/Http/Kernel.php(116): Illuminate\Foundation\Http\Kernel->sendRequestThroughRouter(Object(Illuminate\Http\Request))
#31 /Applications/XAMPP/xamppfiles/htdocs/hotelbooking/public/index.php(53): Illuminate\Foundation\Http\Kernel->handle(Object(Illuminate\Http\Request))
#32 {main}  
[2020-04-18 08:24:51] local.ERROR: ErrorException: chmod(/Applications/XAMPP/xamppfiles/htdocs/hotelbooking/storage/oauth-public.key): Operation failed: Operation not permitted in /Applications/XAMPP/xamppfiles/htdocs/hotelbooking/vendor/league/oauth2-server/src/CryptKey.php:51
Stack trace:
#0 [internal function]: Illuminate\Foundation\Bootstrap\HandleExceptions->handleError(2, 'chmod(/Applicat...', '/Applications/X...', 51, Array)
#1 /Applications/XAMPP/xamppfiles/htdocs/hotelbooking/vendor/league/oauth2-server/src/CryptKey.php(51): chmod('file:///Applica...', 384)
#2 /Applications/XAMPP/xamppfiles/htdocs/hotelbooking/vendor/league/oauth2-server/src/ResourceServer.php(50): League\OAuth2\Server\CryptKey->__construct('file:///Applica...')
#3 /Applications/XAMPP/xamppfiles/htdocs/hotelbooking/vendor/laravel/passport/src/PassportServiceProvider.php(217): League\OAuth2\Server\ResourceServer->__construct(Object(Laravel\Passport\Bridge\AccessTokenRepository), 'file:///Applica...')
#4 /Applications/XAMPP/xamppfiles/htdocs/hotelbooking/vendor/laravel/framework/src/Illuminate/Container/Container.php(726): Laravel\Passport\PassportServiceProvider->Laravel\Passport\{closure}(Object(Illuminate\Foundation\Application), Array)
#5 /Applications/XAMPP/xamppfiles/htdocs/hotelbooking/vendor/laravel/framework/src/Illuminate/Container/Container.php(608): Illuminate\Container\Container->build(Object(Closure))
#6 /Applications/XAMPP/xamppfiles/htdocs/hotelbooking/vendor/laravel/framework/src/Illuminate/Container/Container.php(575): Illuminate\Container\Container->resolve('League\\OAuth2\\S...')
#7 /Applications/XAMPP/xamppfiles/htdocs/hotelbooking/vendor/laravel/framework/src/Illuminate/Foundation/Application.php(728): Illuminate\Container\Container->make('League\\OAuth2\\S...')
#8 /Applications/XAMPP/xamppfiles/htdocs/hotelbooking/vendor/laravel/framework/src/Illuminate/Container/Container.php(862): Illuminate\Foundation\Application->make('League\\OAuth2\\S...')
#9 /Applications/XAMPP/xamppfiles/htdocs/hotelbooking/vendor/laravel/framework/src/Illuminate/Container/Container.php(790): Illuminate\Container\Container->resolveClass(Object(ReflectionParameter))
#10 /Applications/XAMPP/xamppfiles/htdocs/hotelbooking/vendor/laravel/framework/src/Illuminate/Container/Container.php(757): Illuminate\Container\Container->resolveDependencies(Array)
#11 /Applications/XAMPP/xamppfiles/htdocs/hotelbooking/vendor/laravel/framework/src/Illuminate/Container/Container.php(608): Illuminate\Container\Container->build('App\\Http\\Middle...')
#12 /Applications/XAMPP/xamppfiles/htdocs/hotelbooking/vendor/laravel/framework/src/Illuminate/Container/Container.php(575): Illuminate\Container\Container->resolve('App\\Http\\Middle...')
#13 /Applications/XAMPP/xamppfiles/htdocs/hotelbooking/vendor/laravel/framework/src/Illuminate/Foundation/Application.php(728): Illuminate\Container\Container->make('App\\Http\\Middle...')
#14 /Applications/XAMPP/xamppfiles/htdocs/hotelbooking/vendor/laravel/framework/src/Illuminate/Foundation/Http/Kernel.php(215): Illuminate\Foundation\Application->make('App\\Http\\Middle...')
#15 /Applications/XAMPP/xamppfiles/htdocs/hotelbooking/vendor/laravel/framework/src/Illuminate/Foundation/Http/Kernel.php(189): Illuminate\Foundation\Http\Kernel->terminateMiddleware(Object(Illuminate\Http\Request), Object(Illuminate\Http\Response))
#16 /Applications/XAMPP/xamppfiles/htdocs/hotelbooking/public/index.php(58): Illuminate\Foundation\Http\Kernel->terminate(Object(Illuminate\Http\Request), Object(Illuminate\Http\Response))
#17 {main}  
[2020-04-18 08:24:52] local.ERROR: ErrorException: chmod(/Applications/XAMPP/xamppfiles/htdocs/hotelbooking/storage/oauth-public.key): Operation failed: Operation not permitted in /Applications/XAMPP/xamppfiles/htdocs/hotelbooking/vendor/league/oauth2-server/src/CryptKey.php:51
Stack trace:
#0 [internal function]: Illuminate\Foundation\Bootstrap\HandleExceptions->handleError(2, 'chmod(/Applicat...', '/Applications/X...', 51, Array)
#1 /Applications/XAMPP/xamppfiles/htdocs/hotelbooking/vendor/league/oauth2-server/src/CryptKey.php(51): chmod('file:///Applica...', 384)
#2 /Applications/XAMPP/xamppfiles/htdocs/hotelbooking/vendor/league/oauth2-server/src/ResourceServer.php(50): League\OAuth2\Server\CryptKey->__construct('file:///Applica...')
#3 /Applications/XAMPP/xamppfiles/htdocs/hotelbooking/vendor/laravel/passport/src/PassportServiceProvider.php(217): League\OAuth2\Server\ResourceServer->__construct(Object(Laravel\Passport\Bridge\AccessTokenRepository), 'file:///Applica...')
#4 /Applications/XAMPP/xamppfiles/htdocs/hotelbooking/vendor/laravel/framework/src/Illuminate/Container/Container.php(726): Laravel\Passport\PassportServiceProvider->Laravel\Passport\{closure}(Object(Illuminate\Foundation\Application), Array)
#5 /Applications/XAMPP/xamppfiles/htdocs/hotelbooking/vendor/laravel/framework/src/Illuminate/Container/Container.php(608): Illuminate\Container\Container->build(Object(Closure))
#6 /Applications/XAMPP/xamppfiles/htdocs/hotelbooking/vendor/laravel/framework/src/Illuminate/Container/Container.php(575): Illuminate\Container\Container->resolve('League\\OAuth2\\S...')
#7 /Applications/XAMPP/xamppfiles/htdocs/hotelbooking/vendor/laravel/framework/src/Illuminate/Foundation/Application.php(728): Illuminate\Container\Container->make('League\\OAuth2\\S...')
#8 /Applications/XAMPP/xamppfiles/htdocs/hotelbooking/vendor/laravel/framework/src/Illuminate/Container/Container.php(862): Illuminate\Foundation\Application->make('League\\OAuth2\\S...')
#9 /Applications/XAMPP/xamppfiles/htdocs/hotelbooking/vendor/laravel/framework/src/Illuminate/Container/Container.php(790): Illuminate\Container\Container->resolveClass(Object(ReflectionParameter))
#10 /Applications/XAMPP/xamppfiles/htdocs/hotelbooking/vendor/laravel/framework/src/Illuminate/Container/Container.php(757): Illuminate\Container\Container->resolveDependencies(Array)
#11 /Applications/XAMPP/xamppfiles/htdocs/hotelbooking/vendor/laravel/framework/src/Illuminate/Container/Container.php(608): Illuminate\Container\Container->build('App\\Http\\Middle...')
#12 /Applications/XAMPP/xamppfiles/htdocs/hotelbooking/vendor/laravel/framework/src/Illuminate/Container/Container.php(575): Illuminate\Container\Container->resolve('App\\Http\\Middle...')
#13 /Applications/XAMPP/xamppfiles/htdocs/hotelbooking/vendor/laravel/framework/src/Illuminate/Foundation/Application.php(728): Illuminate\Container\Container->make('App\\Http\\Middle...')
#14 /Applications/XAMPP/xamppfiles/htdocs/hotelbooking/vendor/laravel/framework/src/Illuminate/Pipeline/Pipeline.php(138): Illuminate\Foundation\Application->make('App\\Http\\Middle...')
#15 /Applications/XAMPP/xamppfiles/htdocs/hotelbooking/vendor/laravel/framework/src/Illuminate/Routing/Pipeline.php(53): Illuminate\Pipeline\Pipeline->Illuminate\Pipeline\{closure}(Object(Illuminate\Http\Request))
#16 /Applications/XAMPP/xamppfiles/htdocs/hotelbooking/vendor/laravel/framework/src/Illuminate/Foundation/Http/Middleware/TransformsRequest.php(30): Illuminate\Routing\Pipeline->Illuminate\Routing\{closure}(Object(Illuminate\Http\Request))
#17 /Applications/XAMPP/xamppfiles/htdocs/hotelbooking/vendor/laravel/framework/src/Illuminate/Pipeline/Pipeline.php(148): Illuminate\Foundation\Http\Middleware\TransformsRequest->handle(Object(Illuminate\Http\Request), Object(Closure))
#18 /Applications/XAMPP/xamppfiles/htdocs/hotelbooking/vendor/laravel/framework/src/Illuminate/Routing/Pipeline.php(53): Illuminate\Pipeline\Pipeline->Illuminate\Pipeline\{closure}(Object(Illuminate\Http\Request))
#19 /Applications/XAMPP/xamppfiles/htdocs/hotelbooking/vendor/laravel/framework/src/Illuminate/Foundation/Http/Middleware/TransformsRequest.php(30): Illuminate\Routing\Pipeline->Illuminate\Routing\{closure}(Object(Illuminate\Http\Request))
#20 /Applications/XAMPP/xamppfiles/htdocs/hotelbooking/vendor/laravel/framework/src/Illuminate/Pipeline/Pipeline.php(148): Illuminate\Foundation\Http\Middleware\TransformsRequest->handle(Object(Illuminate\Http\Request), Object(Closure))
#21 /Applications/XAMPP/xamppfiles/htdocs/hotelbooking/vendor/laravel/framework/src/Illuminate/Routing/Pipeline.php(53): Illuminate\Pipeline\Pipeline->Illuminate\Pipeline\{closure}(Object(Illuminate\Http\Request))
#22 /Applications/XAMPP/xamppfiles/htdocs/hotelbooking/vendor/laravel/framework/src/Illuminate/Foundation/Http/Middleware/ValidatePostSize.php(27): Illuminate\Routing\Pipeline->Illuminate\Routing\{closure}(Object(Illuminate\Http\Request))
#23 /Applications/XAMPP/xamppfiles/htdocs/hotelbooking/vendor/laravel/framework/src/Illuminate/Pipeline/Pipeline.php(148): Illuminate\Foundation\Http\Middleware\ValidatePostSize->handle(Object(Illuminate\Http\Request), Object(Closure))
#24 /Applications/XAMPP/xamppfiles/htdocs/hotelbooking/vendor/laravel/framework/src/Illuminate/Routing/Pipeline.php(53): Illuminate\Pipeline\Pipeline->Illuminate\Pipeline\{closure}(Object(Illuminate\Http\Request))
#25 /Applications/XAMPP/xamppfiles/htdocs/hotelbooking/vendor/laravel/framework/src/Illuminate/Foundation/Http/Middleware/CheckForMaintenanceMode.php(46): Illuminate\Routing\Pipeline->Illuminate\Routing\{closure}(Object(Illuminate\Http\Request))
#26 /Applications/XAMPP/xamppfiles/htdocs/hotelbooking/vendor/laravel/framework/src/Illuminate/Pipeline/Pipeline.php(148): Illuminate\Foundation\Http\Middleware\CheckForMaintenanceMode->handle(Object(Illuminate\Http\Request), Object(Closure))
#27 /Applications/XAMPP/xamppfiles/htdocs/hotelbooking/vendor/laravel/framework/src/Illuminate/Routing/Pipeline.php(53): Illuminate\Pipeline\Pipeline->Illuminate\Pipeline\{closure}(Object(Illuminate\Http\Request))
#28 /Applications/XAMPP/xamppfiles/htdocs/hotelbooking/vendor/laravel/framework/src/Illuminate/Pipeline/Pipeline.php(102): Illuminate\Routing\Pipeline->Illuminate\Routing\{closure}(Object(Illuminate\Http\Request))
#29 /Applications/XAMPP/xamppfiles/htdocs/hotelbooking/vendor/laravel/framework/src/Illuminate/Foundation/Http/Kernel.php(151): Illuminate\Pipeline\Pipeline->then(Object(Closure))
#30 /Applications/XAMPP/xamppfiles/htdocs/hotelbooking/vendor/laravel/framework/src/Illuminate/Foundation/Http/Kernel.php(116): Illuminate\Foundation\Http\Kernel->sendRequestThroughRouter(Object(Illuminate\Http\Request))
#31 /Applications/XAMPP/xamppfiles/htdocs/hotelbooking/public/index.php(53): Illuminate\Foundation\Http\Kernel->handle(Object(Illuminate\Http\Request))
#32 {main}  
[2020-04-18 08:24:52] local.ERROR: ErrorException: chmod(/Applications/XAMPP/xamppfiles/htdocs/hotelbooking/storage/oauth-public.key): Operation failed: Operation not permitted in /Applications/XAMPP/xamppfiles/htdocs/hotelbooking/vendor/league/oauth2-server/src/CryptKey.php:51
Stack trace:
#0 [internal function]: Illuminate\Foundation\Bootstrap\HandleExceptions->handleError(2, 'chmod(/Applicat...', '/Applications/X...', 51, Array)
#1 /Applications/XAMPP/xamppfiles/htdocs/hotelbooking/vendor/league/oauth2-server/src/CryptKey.php(51): chmod('file:///Applica...', 384)
#2 /Applications/XAMPP/xamppfiles/htdocs/hotelbooking/vendor/league/oauth2-server/src/ResourceServer.php(50): League\OAuth2\Server\CryptKey->__construct('file:///Applica...')
#3 /Applications/XAMPP/xamppfiles/htdocs/hotelbooking/vendor/laravel/passport/src/PassportServiceProvider.php(217): League\OAuth2\Server\ResourceServer->__construct(Object(Laravel\Passport\Bridge\AccessTokenRepository), 'file:///Applica...')
#4 /Applications/XAMPP/xamppfiles/htdocs/hotelbooking/vendor/laravel/framework/src/Illuminate/Container/Container.php(726): Laravel\Passport\PassportServiceProvider->Laravel\Passport\{closure}(Object(Illuminate\Foundation\Application), Array)
#5 /Applications/XAMPP/xamppfiles/htdocs/hotelbooking/vendor/laravel/framework/src/Illuminate/Container/Container.php(608): Illuminate\Container\Container->build(Object(Closure))
#6 /Applications/XAMPP/xamppfiles/htdocs/hotelbooking/vendor/laravel/framework/src/Illuminate/Container/Container.php(575): Illuminate\Container\Container->resolve('League\\OAuth2\\S...')
#7 /Applications/XAMPP/xamppfiles/htdocs/hotelbooking/vendor/laravel/framework/src/Illuminate/Foundation/Application.php(728): Illuminate\Container\Container->make('League\\OAuth2\\S...')
#8 /Applications/XAMPP/xamppfiles/htdocs/hotelbooking/vendor/laravel/framework/src/Illuminate/Container/Container.php(862): Illuminate\Foundation\Application->make('League\\OAuth2\\S...')
#9 /Applications/XAMPP/xamppfiles/htdocs/hotelbooking/vendor/laravel/framework/src/Illuminate/Container/Container.php(790): Illuminate\Container\Container->resolveClass(Object(ReflectionParameter))
#10 /Applications/XAMPP/xamppfiles/htdocs/hotelbooking/vendor/laravel/framework/src/Illuminate/Container/Container.php(757): Illuminate\Container\Container->resolveDependencies(Array)
#11 /Applications/XAMPP/xamppfiles/htdocs/hotelbooking/vendor/laravel/framework/src/Illuminate/Container/Container.php(608): Illuminate\Container\Container->build('App\\Http\\Middle...')
#12 /Applications/XAMPP/xamppfiles/htdocs/hotelbooking/vendor/laravel/framework/src/Illuminate/Container/Container.php(575): Illuminate\Container\Container->resolve('App\\Http\\Middle...')
#13 /Applications/XAMPP/xamppfiles/htdocs/hotelbooking/vendor/laravel/framework/src/Illuminate/Foundation/Application.php(728): Illuminate\Container\Container->make('App\\Http\\Middle...')
#14 /Applications/XAMPP/xamppfiles/htdocs/hotelbooking/vendor/laravel/framework/src/Illuminate/Foundation/Http/Kernel.php(215): Illuminate\Foundation\Application->make('App\\Http\\Middle...')
#15 /Applications/XAMPP/xamppfiles/htdocs/hotelbooking/vendor/laravel/framework/src/Illuminate/Foundation/Http/Kernel.php(189): Illuminate\Foundation\Http\Kernel->terminateMiddleware(Object(Illuminate\Http\Request), Object(Illuminate\Http\Response))
#16 /Applications/XAMPP/xamppfiles/htdocs/hotelbooking/public/index.php(58): Illuminate\Foundation\Http\Kernel->terminate(Object(Illuminate\Http\Request), Object(Illuminate\Http\Response))
#17 {main}  
[2020-04-18 08:24:52] local.ERROR: ErrorException: chmod(/Applications/XAMPP/xamppfiles/htdocs/hotelbooking/storage/oauth-public.key): Operation failed: Operation not permitted in /Applications/XAMPP/xamppfiles/htdocs/hotelbooking/vendor/league/oauth2-server/src/CryptKey.php:51
Stack trace:
#0 [internal function]: Illuminate\Foundation\Bootstrap\HandleExceptions->handleError(2, 'chmod(/Applicat...', '/Applications/X...', 51, Array)
#1 /Applications/XAMPP/xamppfiles/htdocs/hotelbooking/vendor/league/oauth2-server/src/CryptKey.php(51): chmod('file:///Applica...', 384)
#2 /Applications/XAMPP/xamppfiles/htdocs/hotelbooking/vendor/league/oauth2-server/src/ResourceServer.php(50): League\OAuth2\Server\CryptKey->__construct('file:///Applica...')
#3 /Applications/XAMPP/xamppfiles/htdocs/hotelbooking/vendor/laravel/passport/src/PassportServiceProvider.php(217): League\OAuth2\Server\ResourceServer->__construct(Object(Laravel\Passport\Bridge\AccessTokenRepository), 'file:///Applica...')
#4 /Applications/XAMPP/xamppfiles/htdocs/hotelbooking/vendor/laravel/framework/src/Illuminate/Container/Container.php(726): Laravel\Passport\PassportServiceProvider->Laravel\Passport\{closure}(Object(Illuminate\Foundation\Application), Array)
#5 /Applications/XAMPP/xamppfiles/htdocs/hotelbooking/vendor/laravel/framework/src/Illuminate/Container/Container.php(608): Illuminate\Container\Container->build(Object(Closure))
#6 /Applications/XAMPP/xamppfiles/htdocs/hotelbooking/vendor/laravel/framework/src/Illuminate/Container/Container.php(575): Illuminate\Container\Container->resolve('League\\OAuth2\\S...')
#7 /Applications/XAMPP/xamppfiles/htdocs/hotelbooking/vendor/laravel/framework/src/Illuminate/Foundation/Application.php(728): Illuminate\Container\Container->make('League\\OAuth2\\S...')
#8 /Applications/XAMPP/xamppfiles/htdocs/hotelbooking/vendor/laravel/framework/src/Illuminate/Container/Container.php(862): Illuminate\Foundation\Application->make('League\\OAuth2\\S...')
#9 /Applications/XAMPP/xamppfiles/htdocs/hotelbooking/vendor/laravel/framework/src/Illuminate/Container/Container.php(790): Illuminate\Container\Container->resolveClass(Object(ReflectionParameter))
#10 /Applications/XAMPP/xamppfiles/htdocs/hotelbooking/vendor/laravel/framework/src/Illuminate/Container/Container.php(757): Illuminate\Container\Container->resolveDependencies(Array)
#11 /Applications/XAMPP/xamppfiles/htdocs/hotelbooking/vendor/laravel/framework/src/Illuminate/Container/Container.php(608): Illuminate\Container\Container->build('App\\Http\\Middle...')
#12 /Applications/XAMPP/xamppfiles/htdocs/hotelbooking/vendor/laravel/framework/src/Illuminate/Container/Container.php(575): Illuminate\Container\Container->resolve('App\\Http\\Middle...')
#13 /Applications/XAMPP/xamppfiles/htdocs/hotelbooking/vendor/laravel/framework/src/Illuminate/Foundation/Application.php(728): Illuminate\Container\Container->make('App\\Http\\Middle...')
#14 /Applications/XAMPP/xamppfiles/htdocs/hotelbooking/vendor/laravel/framework/src/Illuminate/Pipeline/Pipeline.php(138): Illuminate\Foundation\Application->make('App\\Http\\Middle...')
#15 /Applications/XAMPP/xamppfiles/htdocs/hotelbooking/vendor/laravel/framework/src/Illuminate/Routing/Pipeline.php(53): Illuminate\Pipeline\Pipeline->Illuminate\Pipeline\{closure}(Object(Illuminate\Http\Request))
#16 /Applications/XAMPP/xamppfiles/htdocs/hotelbooking/vendor/laravel/framework/src/Illuminate/Foundation/Http/Middleware/TransformsRequest.php(30): Illuminate\Routing\Pipeline->Illuminate\Routing\{closure}(Object(Illuminate\Http\Request))
#17 /Applications/XAMPP/xamppfiles/htdocs/hotelbooking/vendor/laravel/framework/src/Illuminate/Pipeline/Pipeline.php(148): Illuminate\Foundation\Http\Middleware\TransformsRequest->handle(Object(Illuminate\Http\Request), Object(Closure))
#18 /Applications/XAMPP/xamppfiles/htdocs/hotelbooking/vendor/laravel/framework/src/Illuminate/Routing/Pipeline.php(53): Illuminate\Pipeline\Pipeline->Illuminate\Pipeline\{closure}(Object(Illuminate\Http\Request))
#19 /Applications/XAMPP/xamppfiles/htdocs/hotelbooking/vendor/laravel/framework/src/Illuminate/Foundation/Http/Middleware/TransformsRequest.php(30): Illuminate\Routing\Pipeline->Illuminate\Routing\{closure}(Object(Illuminate\Http\Request))
#20 /Applications/XAMPP/xamppfiles/htdocs/hotelbooking/vendor/laravel/framework/src/Illuminate/Pipeline/Pipeline.php(148): Illuminate\Foundation\Http\Middleware\TransformsRequest->handle(Object(Illuminate\Http\Request), Object(Closure))
#21 /Applications/XAMPP/xamppfiles/htdocs/hotelbooking/vendor/laravel/framework/src/Illuminate/Routing/Pipeline.php(53): Illuminate\Pipeline\Pipeline->Illuminate\Pipeline\{closure}(Object(Illuminate\Http\Request))
#22 /Applications/XAMPP/xamppfiles/htdocs/hotelbooking/vendor/laravel/framework/src/Illuminate/Foundation/Http/Middleware/ValidatePostSize.php(27): Illuminate\Routing\Pipeline->Illuminate\Routing\{closure}(Object(Illuminate\Http\Request))
#23 /Applications/XAMPP/xamppfiles/htdocs/hotelbooking/vendor/laravel/framework/src/Illuminate/Pipeline/Pipeline.php(148): Illuminate\Foundation\Http\Middleware\ValidatePostSize->handle(Object(Illuminate\Http\Request), Object(Closure))
#24 /Applications/XAMPP/xamppfiles/htdocs/hotelbooking/vendor/laravel/framework/src/Illuminate/Routing/Pipeline.php(53): Illuminate\Pipeline\Pipeline->Illuminate\Pipeline\{closure}(Object(Illuminate\Http\Request))
#25 /Applications/XAMPP/xamppfiles/htdocs/hotelbooking/vendor/laravel/framework/src/Illuminate/Foundation/Http/Middleware/CheckForMaintenanceMode.php(46): Illuminate\Routing\Pipeline->Illuminate\Routing\{closure}(Object(Illuminate\Http\Request))
#26 /Applications/XAMPP/xamppfiles/htdocs/hotelbooking/vendor/laravel/framework/src/Illuminate/Pipeline/Pipeline.php(148): Illuminate\Foundation\Http\Middleware\CheckForMaintenanceMode->handle(Object(Illuminate\Http\Request), Object(Closure))
#27 /Applications/XAMPP/xamppfiles/htdocs/hotelbooking/vendor/laravel/framework/src/Illuminate/Routing/Pipeline.php(53): Illuminate\Pipeline\Pipeline->Illuminate\Pipeline\{closure}(Object(Illuminate\Http\Request))
#28 /Applications/XAMPP/xamppfiles/htdocs/hotelbooking/vendor/laravel/framework/src/Illuminate/Pipeline/Pipeline.php(102): Illuminate\Routing\Pipeline->Illuminate\Routing\{closure}(Object(Illuminate\Http\Request))
#29 /Applications/XAMPP/xamppfiles/htdocs/hotelbooking/vendor/laravel/framework/src/Illuminate/Foundation/Http/Kernel.php(151): Illuminate\Pipeline\Pipeline->then(Object(Closure))
#30 /Applications/XAMPP/xamppfiles/htdocs/hotelbooking/vendor/laravel/framework/src/Illuminate/Foundation/Http/Kernel.php(116): Illuminate\Foundation\Http\Kernel->sendRequestThroughRouter(Object(Illuminate\Http\Request))
#31 /Applications/XAMPP/xamppfiles/htdocs/hotelbooking/public/index.php(53): Illuminate\Foundation\Http\Kernel->handle(Object(Illuminate\Http\Request))
#32 {main}  
[2020-04-18 08:24:52] local.ERROR: ErrorException: chmod(/Applications/XAMPP/xamppfiles/htdocs/hotelbooking/storage/oauth-public.key): Operation failed: Operation not permitted in /Applications/XAMPP/xamppfiles/htdocs/hotelbooking/vendor/league/oauth2-server/src/CryptKey.php:51
Stack trace:
#0 [internal function]: Illuminate\Foundation\Bootstrap\HandleExceptions->handleError(2, 'chmod(/Applicat...', '/Applications/X...', 51, Array)
#1 /Applications/XAMPP/xamppfiles/htdocs/hotelbooking/vendor/league/oauth2-server/src/CryptKey.php(51): chmod('file:///Applica...', 384)
#2 /Applications/XAMPP/xamppfiles/htdocs/hotelbooking/vendor/league/oauth2-server/src/ResourceServer.php(50): League\OAuth2\Server\CryptKey->__construct('file:///Applica...')
#3 /Applications/XAMPP/xamppfiles/htdocs/hotelbooking/vendor/laravel/passport/src/PassportServiceProvider.php(217): League\OAuth2\Server\ResourceServer->__construct(Object(Laravel\Passport\Bridge\AccessTokenRepository), 'file:///Applica...')
#4 /Applications/XAMPP/xamppfiles/htdocs/hotelbooking/vendor/laravel/framework/src/Illuminate/Container/Container.php(726): Laravel\Passport\PassportServiceProvider->Laravel\Passport\{closure}(Object(Illuminate\Foundation\Application), Array)
#5 /Applications/XAMPP/xamppfiles/htdocs/hotelbooking/vendor/laravel/framework/src/Illuminate/Container/Container.php(608): Illuminate\Container\Container->build(Object(Closure))
#6 /Applications/XAMPP/xamppfiles/htdocs/hotelbooking/vendor/laravel/framework/src/Illuminate/Container/Container.php(575): Illuminate\Container\Container->resolve('League\\OAuth2\\S...')
#7 /Applications/XAMPP/xamppfiles/htdocs/hotelbooking/vendor/laravel/framework/src/Illuminate/Foundation/Application.php(728): Illuminate\Container\Container->make('League\\OAuth2\\S...')
#8 /Applications/XAMPP/xamppfiles/htdocs/hotelbooking/vendor/laravel/framework/src/Illuminate/Container/Container.php(862): Illuminate\Foundation\Application->make('League\\OAuth2\\S...')
#9 /Applications/XAMPP/xamppfiles/htdocs/hotelbooking/vendor/laravel/framework/src/Illuminate/Container/Container.php(790): Illuminate\Container\Container->resolveClass(Object(ReflectionParameter))
#10 /Applications/XAMPP/xamppfiles/htdocs/hotelbooking/vendor/laravel/framework/src/Illuminate/Container/Container.php(757): Illuminate\Container\Container->resolveDependencies(Array)
#11 /Applications/XAMPP/xamppfiles/htdocs/hotelbooking/vendor/laravel/framework/src/Illuminate/Container/Container.php(608): Illuminate\Container\Container->build('App\\Http\\Middle...')
#12 /Applications/XAMPP/xamppfiles/htdocs/hotelbooking/vendor/laravel/framework/src/Illuminate/Container/Container.php(575): Illuminate\Container\Container->resolve('App\\Http\\Middle...')
#13 /Applications/XAMPP/xamppfiles/htdocs/hotelbooking/vendor/laravel/framework/src/Illuminate/Foundation/Application.php(728): Illuminate\Container\Container->make('App\\Http\\Middle...')
#14 /Applications/XAMPP/xamppfiles/htdocs/hotelbooking/vendor/laravel/framework/src/Illuminate/Foundation/Http/Kernel.php(215): Illuminate\Foundation\Application->make('App\\Http\\Middle...')
#15 /Applications/XAMPP/xamppfiles/htdocs/hotelbooking/vendor/laravel/framework/src/Illuminate/Foundation/Http/Kernel.php(189): Illuminate\Foundation\Http\Kernel->terminateMiddleware(Object(Illuminate\Http\Request), Object(Illuminate\Http\Response))
#16 /Applications/XAMPP/xamppfiles/htdocs/hotelbooking/public/index.php(58): Illuminate\Foundation\Http\Kernel->terminate(Object(Illuminate\Http\Request), Object(Illuminate\Http\Response))
#17 {main}  
